array (
  'last_sent_sms_code' => '123456',
  '_token' => 'ZvB2aRGv9LD55V7QQs2m4bRBpJb5yMlIZXo42znw',
  'userId' => '1419',
)array (
  'last_sent_sms_code' => '123456',
  '_token' => 'ZvB2aRGv9LD55V7QQs2m4bRBpJb5yMlIZXo42znw',
  'userId' => '1419',
)array (
  'mobile' => '09120621785',
  '_token' => 'ZvB2aRGv9LD55V7QQs2m4bRBpJb5yMlIZXo42znw',
)array (
  'mobile' => '545415dfd',
  '_token' => 'ZvB2aRGv9LD55V7QQs2m4bRBpJb5yMlIZXo42znw',
)array (
  'mobile' => 'dsds',
  '_token' => 'ZvB2aRGv9LD55V7QQs2m4bRBpJb5yMlIZXo42znw',
)array (
  'mobile' => 'dwdwd',
  '_token' => 'ZvB2aRGv9LD55V7QQs2m4bRBpJb5yMlIZXo42znw',
)array (
  'mobile' => 'wewffrgtht',
  '_token' => 'ZvB2aRGv9LD55V7QQs2m4bRBpJb5yMlIZXo42znw',
)array (
  'mobile' => 'صیصیصیصیص',
  '_token' => 'ZvB2aRGv9LD55V7QQs2m4bRBpJb5yMlIZXo42znw',
)array (
  'mobile' => '0616',
  '_token' => 'ZvB2aRGv9LD55V7QQs2m4bRBpJb5yMlIZXo42znw',
)array (
  'mobile' => '09120621785',
  '_token' => 'ZvB2aRGv9LD55V7QQs2m4bRBpJb5yMlIZXo42znw',
)array (
  'mobile' => 'dwdwddw',
  '_token' => 'ZvB2aRGv9LD55V7QQs2m4bRBpJb5yMlIZXo42znw',
)array (
  'mobile' => 'wdwdwdwdwddw',
  '_token' => 'ZvB2aRGv9LD55V7QQs2m4bRBpJb5yMlIZXo42znw',
)array (
  'mobile' => '09120621785',
  '_token' => 'ZvB2aRGv9LD55V7QQs2m4bRBpJb5yMlIZXo42znw',
)array (
  'mobile' => '09120621785',
  '_token' => 'ZvB2aRGv9LD55V7QQs2m4bRBpJb5yMlIZXo42znw',
)array (
  'mobile' => '09120621785',
  '_token' => 'ZvB2aRGv9LD55V7QQs2m4bRBpJb5yMlIZXo42znw',
)array (
  'mobile' => '09120621785',
  '_token' => 'ZvB2aRGv9LD55V7QQs2m4bRBpJb5yMlIZXo42znw',
)array (
  'mobile' => '09120621785',
  '_token' => 'ZvB2aRGv9LD55V7QQs2m4bRBpJb5yMlIZXo42znw',
)array (
  'mobile' => '09120621785',
  '_token' => 'ZvB2aRGv9LD55V7QQs2m4bRBpJb5yMlIZXo42znw',
)array (
  'mobile' => '09120621785',
  '_token' => 'ZvB2aRGv9LD55V7QQs2m4bRBpJb5yMlIZXo42znw',
)array (
  'mobile' => '09120621785',
  '_token' => 'ZvB2aRGv9LD55V7QQs2m4bRBpJb5yMlIZXo42znw',
)array (
  'mobile' => '09120621785',
  '_token' => 'ZvB2aRGv9LD55V7QQs2m4bRBpJb5yMlIZXo42znw',
)array (
  'mobile' => '09120621785',
  '_token' => 'ZvB2aRGv9LD55V7QQs2m4bRBpJb5yMlIZXo42znw',
)array (
  'mobile' => '545615',
  '_token' => 'ZvB2aRGv9LD55V7QQs2m4bRBpJb5yMlIZXo42znw',
)array (
  'mobile' => '09120621785',
  '_token' => 'ZvB2aRGv9LD55V7QQs2m4bRBpJb5yMlIZXo42znw',
)array (
  'mobile' => '0912555',
  '_token' => 'ZvB2aRGv9LD55V7QQs2m4bRBpJb5yMlIZXo42znw',
)array (
  'mobile' => '09120621785',
  '_token' => 'ZvB2aRGv9LD55V7QQs2m4bRBpJb5yMlIZXo42znw',
)array (
  'mobile' => '09120621785',
  '_token' => 'ZvB2aRGv9LD55V7QQs2m4bRBpJb5yMlIZXo42znw',
)array (
  'mobile' => '09120621785',
  '_token' => 'ZvB2aRGv9LD55V7QQs2m4bRBpJb5yMlIZXo42znw',
)array (
  'mobile' => '09120621785',
  '_token' => 'ZvB2aRGv9LD55V7QQs2m4bRBpJb5yMlIZXo42znw',
)array (
  'mobile' => 'dwdwd',
  '_token' => 'ZvB2aRGv9LD55V7QQs2m4bRBpJb5yMlIZXo42znw',
)array (
  'mobile' => '09120621785',
  '_token' => 'ZvB2aRGv9LD55V7QQs2m4bRBpJb5yMlIZXo42znw',
)