1
array (
  'mobile' => '09120621785',
  '_token' => 'ZvB2aRGv9LD55V7QQs2m4bRBpJb5yMlIZXo42znw',
)1
array (
  'mobile' => 'dsfs',
  '_token' => 'ZvB2aRGv9LD55V7QQs2m4bRBpJb5yMlIZXo42znw',
)1
array (
  'mobile' => 'dsfs',
  '_token' => 'ZvB2aRGv9LD55V7QQs2m4bRBpJb5yMlIZXo42znw',
)1
array (
  'mobile' => 'dsfs',
  '_token' => 'ZvB2aRGv9LD55V7QQs2m4bRBpJb5yMlIZXo42znw',
)1
array (
  'mobile' => 'dsfs',
  '_token' => 'ZvB2aRGv9LD55V7QQs2m4bRBpJb5yMlIZXo42znw',
)1
array (
  'mobile' => 'dsfs',
  '_token' => 'ZvB2aRGv9LD55V7QQs2m4bRBpJb5yMlIZXo42znw',
)1
array (
  'mobile' => 'dsfs',
  '_token' => 'ZvB2aRGv9LD55V7QQs2m4bRBpJb5yMlIZXo42znw',
)1
array (
  'mobile' => 'dsfs',
  '_token' => 'ZvB2aRGv9LD55V7QQs2m4bRBpJb5yMlIZXo42znw',
)1
array (
  'mobile' => 'dsfs',
  '_token' => 'ZvB2aRGv9LD55V7QQs2m4bRBpJb5yMlIZXo42znw',
)1
array (
  'mobile' => 'dsfs',
  '_token' => 'ZvB2aRGv9LD55V7QQs2m4bRBpJb5yMlIZXo42znw',
)1
array (
  'mobile' => 'dsfs',
  '_token' => 'ZvB2aRGv9LD55V7QQs2m4bRBpJb5yMlIZXo42znw',
)1
array (
  'mobile' => 'dsfs',
  '_token' => 'ZvB2aRGv9LD55V7QQs2m4bRBpJb5yMlIZXo42znw',
)1
array (
  'mobile' => 'dsfs',
  '_token' => 'ZvB2aRGv9LD55V7QQs2m4bRBpJb5yMlIZXo42znw',
)1
array (
  'mobile' => 'dsfs',
  '_token' => 'ZvB2aRGv9LD55V7QQs2m4bRBpJb5yMlIZXo42znw',
)1
array (
  'mobile' => 'dsfs',
  '_token' => 'ZvB2aRGv9LD55V7QQs2m4bRBpJb5yMlIZXo42znw',
)1
array (
  'mobile' => 'dsfs',
  '_token' => 'ZvB2aRGv9LD55V7QQs2m4bRBpJb5yMlIZXo42znw',
)1
array (
  'mobile' => 'dsfs',
  '_token' => 'ZvB2aRGv9LD55V7QQs2m4bRBpJb5yMlIZXo42znw',
)1
array (
  'mobile' => 'dsfs',
  '_token' => 'ZvB2aRGv9LD55V7QQs2m4bRBpJb5yMlIZXo42znw',
)1
array (
  'mobile' => 'dsfs',
  '_token' => 'ZvB2aRGv9LD55V7QQs2m4bRBpJb5yMlIZXo42znw',
)1
array (
  'mobile' => 'dsfs',
  '_token' => 'ZvB2aRGv9LD55V7QQs2m4bRBpJb5yMlIZXo42znw',
)1
array (
  'mobile' => 'dsfs',
  '_token' => 'ZvB2aRGv9LD55V7QQs2m4bRBpJb5yMlIZXo42znw',
)1
array (
  'mobile' => 'dsfs',
  '_token' => 'ZvB2aRGv9LD55V7QQs2m4bRBpJb5yMlIZXo42znw',
)1
array (
  'mobile' => 'dsfs',
  '_token' => 'ZvB2aRGv9LD55V7QQs2m4bRBpJb5yMlIZXo42znw',
)1
array (
  'mobile' => '09120621785',
  '_token' => 'ZvB2aRGv9LD55V7QQs2m4bRBpJb5yMlIZXo42znw',
)